#
# A fatal error has been detected by the Java Runtime Environment:
#
#  EXCEPTION_ACCESS_VIOLATION (0xc0000005) at pc=0x0000000073b94dd0, pid=2648, tid=8676
#
# JRE version: Java(TM) SE Runtime Environment (7.0_80-b15) (build 1.7.0_80-b15)
# Java VM: Java HotSpot(TM) 64-Bit Server VM (24.80-b11 mixed mode windows-amd64 compressed oops)
# Problematic frame:
# V  [jvm.dll+0x124dd0]
#
# Failed to write core dump. Minidumps are not enabled by default on client versions of Windows
#
# If you would like to submit a bug report, please visit:
#   http://bugreport.java.com/bugreport/crash.jsp
#

---------------  T H R E A D  ---------------

Current thread (0x0000000017ad0800):  JavaThread "http-bio-9999-exec-1" daemon [_thread_in_vm, id=8676, stack(0x0000000000dd0000,0x0000000000ed0000)]

siginfo: ExceptionCode=0xc0000005, reading address 0x0000000000000000

Registers:
RAX=0x0000000002dd9870, RBX=0x000000000b0a7ba0, RCX=0x00000000ffffffff, RDX=0x0000000000000000
RSP=0x0000000000ecb5f0, RBP=0x0000000017ad0800, RSI=0x0000000000000000, RDI=0x0000000002dd9870
R8 =0x0000000000000001, R9 =0x000000007097bdc0, R10=0x0000000002dd9870, R11=0x0000000000000046
R12=0x0000000000000000, R13=0x000000007375562c, R14=0x0000000073755630, R15=0x0000000017ad0800
RIP=0x0000000073b94dd0, EFLAGS=0x0000000000010202

Top of Stack: (sp=0x0000000000ecb5f0)
0x0000000000ecb5f0:   000000000b0a7ba0 0000000000000000
0x0000000000ecb600:   0000000000000000 0000000000ecb968
0x0000000000ecb610:   0000000000000000 0000000073755428
0x0000000000ecb620:   0000000000000046 0000000400000001
0x0000000000ecb630:   0000000017ad0800 0000000017ad0800
0x0000000000ecb640:   0000000013f18320 00000000000000e1
0x0000000000ecb650:   0000000073fe5b90 0000000000000000
0x0000000000ecb660:   0000000000ecb740 00000007817c9a38
0x0000000000ecb670:   0000000000000000 0000000017ad09e8
0x0000000000ecb680:   0000000017ad0800 000000007373273c
0x0000000000ecb690:   0000000000000078 0000000000000000
0x0000000000ecb6a0:   0000000000ecb728 0000000000ecb728
0x0000000000ecb6b0:   0000000000000000 0000000002ea9aa9
0x0000000000ecb6c0:   00000007817c9a38 0000000073c48752
0x0000000000ecb6d0:   0000000013f18368 0000000013f18368
0x0000000000ecb6e0:   0000000017ad0800 0000000000ecb6e8 

Instructions: (pc=0x0000000073b94dd0)
0x0000000073b94db0:   8d 51 ff 49 8b ce e8 c5 aa f3 ff 48 8b f8 48 85
0x0000000073b94dc0:   db 0f 84 91 02 00 00 48 85 c0 0f 84 88 02 00 00
0x0000000073b94dd0:   48 8b 0e e8 e8 d6 f2 ff 48 85 c0 75 08 49 8b f4
0x0000000073b94de0:   49 8b cc eb 1f 48 8b 8d 20 01 00 00 48 8b d0 e8 


Register to memory mapping:

RAX=0x0000000002dd9870 is an unknown value
RBX=0x000000000b0a7ba0 is an unknown value
RCX=0x00000000ffffffff is an unknown value
RDX=0x0000000000000000 is an unknown value
RSP=0x0000000000ecb5f0 is pointing into the stack for thread: 0x0000000017ad0800
RBP=0x0000000017ad0800 is a thread
RSI=0x0000000000000000 is an unknown value
RDI=0x0000000002dd9870 is an unknown value
R8 =0x0000000000000001 is an unknown value
R9 =0x000000007097bdc0 is an unknown value
R10=0x0000000002dd9870 is an unknown value
R11=0x0000000000000046 is an unknown value
R12=0x0000000000000000 is an unknown value
R13=0x000000007375562c is an unknown value
R14=0x0000000073755630 is an unknown value
R15=0x0000000017ad0800 is a thread


Stack: [0x0000000000dd0000,0x0000000000ed0000],  sp=0x0000000000ecb5f0,  free space=1005k
Native frames: (J=compiled Java code, j=interpreted, Vv=VM code, C=native code)
V  [jvm.dll+0x124dd0]

Java frames: (J=compiled Java code, j=interpreted, Vv=VM code)
j  sun.font.SunFontManager.initIDs()V+0
j  sun.font.SunFontManager.access$200()V+0
j  sun.font.SunFontManager$1.run()Ljava/lang/Object;+3
v  ~StubRoutines::call_stub
j  java.security.AccessController.doPrivileged(Ljava/security/PrivilegedAction;)Ljava/lang/Object;+0
j  sun.font.SunFontManager.<clinit>()V+40
v  ~StubRoutines::call_stub
j  java.lang.Class.forName0(Ljava/lang/String;ZLjava/lang/ClassLoader;Ljava/lang/Class;)Ljava/lang/Class;+0
j  java.lang.Class.forName(Ljava/lang/String;ZLjava/lang/ClassLoader;)Ljava/lang/Class;+43
j  sun.font.FontManagerFactory$1.run()Ljava/lang/Object;+16
v  ~StubRoutines::call_stub
j  java.security.AccessController.doPrivileged(Ljava/security/PrivilegedAction;)Ljava/lang/Object;+0
j  sun.font.FontManagerFactory.getInstance()Lsun/font/FontManager;+17
j  java.awt.Font.getFont2D()Lsun/font/Font2D;+0
j  java.awt.Font.access$000(Ljava/awt/Font;)Lsun/font/Font2D;+1
j  java.awt.Font$FontAccessImpl.getFont2D(Ljava/awt/Font;)Lsun/font/Font2D;+1
j  sun.font.FontUtilities.getFont2D(Ljava/awt/Font;)Lsun/font/Font2D;+4
j  sun.java2d.SunGraphics2D.checkFontInfo(Lsun/java2d/loops/FontInfo;Ljava/awt/Font;Ljava/awt/font/FontRenderContext;)Lsun/java2d/loops/FontInfo;+504
j  sun.java2d.SunGraphics2D.getFontInfo()Lsun/java2d/loops/FontInfo;+18
j  sun.java2d.pipe.GlyphListPipe.drawString(Lsun/java2d/SunGraphics2D;Ljava/lang/String;DD)V+1
j  sun.java2d.SunGraphics2D.drawString(Ljava/lang/String;II)V+68
j  org.apache.jsp.validatecode_jsp._jspService(Ljavax/servlet/http/HttpServletRequest;Ljavax/servlet/http/HttpServletResponse;)V+323
j  org.apache.jasper.runtime.HttpJspBase.service(Ljavax/servlet/http/HttpServletRequest;Ljavax/servlet/http/HttpServletResponse;)V+3
j  javax.servlet.http.HttpServlet.service(Ljavax/servlet/ServletRequest;Ljavax/servlet/ServletResponse;)V+30
j  org.apache.jasper.servlet.JspServletWrapper.service(Ljavax/servlet/http/HttpServletRequest;Ljavax/servlet/http/HttpServletResponse;Z)V+440
j  org.apache.jasper.servlet.JspServlet.serviceJspFile(Ljavax/servlet/http/HttpServletRequest;Ljavax/servlet/http/HttpServletResponse;Ljava/lang/String;Z)V+112
j  org.apache.jasper.servlet.JspServlet.service(Ljavax/servlet/http/HttpServletRequest;Ljavax/servlet/http/HttpServletResponse;)V+345
j  javax.servlet.http.HttpServlet.service(Ljavax/servlet/ServletRequest;Ljavax/servlet/ServletResponse;)V+30
j  org.apache.catalina.core.ApplicationFilterChain.internalDoFilter(Ljavax/servlet/ServletRequest;Ljavax/servlet/ServletResponse;)V+446
j  org.apache.catalina.core.ApplicationFilterChain.doFilter(Ljavax/servlet/ServletRequest;Ljavax/servlet/ServletResponse;)V+101
j  org.apache.struts2.dispatcher.ng.filter.StrutsPrepareAndExecuteFilter.doFilter(Ljavax/servlet/ServletRequest;Ljavax/servlet/ServletResponse;Ljavax/servlet/FilterChain;)V+131
j  org.apache.catalina.core.ApplicationFilterChain.internalDoFilter(Ljavax/servlet/ServletRequest;Ljavax/servlet/ServletResponse;)V+151
j  org.apache.catalina.core.ApplicationFilterChain.doFilter(Ljavax/servlet/ServletRequest;Ljavax/servlet/ServletResponse;)V+101
j  org.apache.shiro.web.servlet.ProxiedFilterChain.doFilter(Ljavax/servlet/ServletRequest;Ljavax/servlet/ServletResponse;)V+50
j  org.apache.shiro.web.servlet.AdviceFilter.executeChain(Ljavax/servlet/ServletRequest;Ljavax/servlet/ServletResponse;Ljavax/servlet/FilterChain;)V+3
j  org.apache.shiro.web.servlet.AdviceFilter.doFilterInternal(Ljavax/servlet/ServletRequest;Ljavax/servlet/ServletResponse;Ljavax/servlet/FilterChain;)V+64
j  org.apache.shiro.web.servlet.OncePerRequestFilter.doFilter(Ljavax/servlet/ServletRequest;Ljavax/servlet/ServletResponse;Ljavax/servlet/FilterChain;)V+113
j  org.apache.shiro.web.servlet.ProxiedFilterChain.doFilter(Ljavax/servlet/ServletRequest;Ljavax/servlet/ServletResponse;)V+130
j  org.apache.shiro.web.servlet.AbstractShiroFilter.executeChain(Ljavax/servlet/ServletRequest;Ljavax/servlet/ServletResponse;Ljavax/servlet/FilterChain;)V+13
j  org.apache.shiro.web.servlet.AbstractShiroFilter$1.call()Ljava/lang/Object;+31
j  org.apache.shiro.subject.support.SubjectCallable.doCall(Ljava/util/concurrent/Callable;)Ljava/lang/Object;+1
j  org.apache.shiro.subject.support.SubjectCallable.call()Ljava/lang/Object;+14
j  org.apache.shiro.subject.support.DelegatingSubject.execute(Ljava/util/concurrent/Callable;)Ljava/lang/Object;+7
j  org.apache.shiro.web.servlet.AbstractShiroFilter.doFilterInternal(Ljavax/servlet/ServletRequest;Ljavax/servlet/ServletResponse;Ljavax/servlet/FilterChain;)V+47
j  org.apache.shiro.web.servlet.OncePerRequestFilter.doFilter(Ljavax/servlet/ServletRequest;Ljavax/servlet/ServletResponse;Ljavax/servlet/FilterChain;)V+113
j  org.springframework.web.filter.DelegatingFilterProxy.invokeDelegate(Ljavax/servlet/Filter;Ljavax/servlet/ServletRequest;Ljavax/servlet/ServletResponse;Ljavax/servlet/FilterChain;)V+5
j  org.springframework.web.filter.DelegatingFilterProxy.doFilter(Ljavax/servlet/ServletRequest;Ljavax/servlet/ServletResponse;Ljavax/servlet/FilterChain;)V+83
j  org.apache.catalina.core.ApplicationFilterChain.internalDoFilter(Ljavax/servlet/ServletRequest;Ljavax/servlet/ServletResponse;)V+151
j  org.apache.catalina.core.ApplicationFilterChain.doFilter(Ljavax/servlet/ServletRequest;Ljavax/servlet/ServletResponse;)V+101
j  org.apache.catalina.core.StandardWrapperValve.invoke(Lorg/apache/catalina/connector/Request;Lorg/apache/catalina/connector/Response;)V+783
j  org.apache.catalina.core.StandardContextValve.invoke(Lorg/apache/catalina/connector/Request;Lorg/apache/catalina/connector/Response;)V+166
j  org.apache.catalina.authenticator.AuthenticatorBase.invoke(Lorg/apache/catalina/connector/Request;Lorg/apache/catalina/connector/Response;)V+363
j  org.apache.catalina.core.StandardHostValve.invoke(Lorg/apache/catalina/connector/Request;Lorg/apache/catalina/connector/Response;)V+148
j  org.apache.catalina.valves.ErrorReportValve.invoke(Lorg/apache/catalina/connector/Request;Lorg/apache/catalina/connector/Response;)V+6
j  org.apache.catalina.valves.AccessLogValve.invoke(Lorg/apache/catalina/connector/Request;Lorg/apache/catalina/connector/Response;)V+6
j  org.apache.catalina.core.StandardEngineValve.invoke(Lorg/apache/catalina/connector/Request;Lorg/apache/catalina/connector/Response;)V+71
j  org.apache.catalina.connector.CoyoteAdapter.service(Lorg/apache/coyote/Request;Lorg/apache/coyote/Response;)V+196
j  org.apache.coyote.http11.AbstractHttp11Processor.process(Lorg/apache/tomcat/util/net/SocketWrapper;)Lorg/apache/tomcat/util/net/AbstractEndpoint$Handler$SocketState;+537
j  org.apache.coyote.AbstractProtocol$AbstractConnectionHandler.process(Lorg/apache/tomcat/util/net/SocketWrapper;Lorg/apache/tomcat/util/net/SocketStatus;)Lorg/apache/tomcat/util/net/AbstractEndpoint$Handler$SocketState;+158
j  org.apache.tomcat.util.net.JIoEndpoint$SocketProcessor.run()V+130
j  java.util.concurrent.ThreadPoolExecutor.runWorker(Ljava/util/concurrent/ThreadPoolExecutor$Worker;)V+95
j  java.util.concurrent.ThreadPoolExecutor$Worker.run()V+5
j  java.lang.Thread.run()V+11
v  ~StubRoutines::call_stub

---------------  P R O C E S S  ---------------

Java Threads: ( => current thread )
  0x000000000f05a000 JavaThread "Java2D Disposer" daemon [_thread_blocked, id=8856, stack(0x000000001d970000,0x000000001da70000)]
  0x0000000017ada000 JavaThread "http-bio-9999-exec-10" daemon [_thread_in_native, id=8912, stack(0x000000001d5c0000,0x000000001d6c0000)]
  0x0000000017adb800 JavaThread "http-bio-9999-exec-9" daemon [_thread_blocked, id=8864, stack(0x000000001d4c0000,0x000000001d5c0000)]
  0x0000000017ad6800 JavaThread "http-bio-9999-exec-8" daemon [_thread_in_native, id=8804, stack(0x000000001d3c0000,0x000000001d4c0000)]
  0x0000000017ad9800 JavaThread "http-bio-9999-exec-7" daemon [_thread_blocked, id=8800, stack(0x000000001d2c0000,0x000000001d3c0000)]
  0x0000000017ad8800 JavaThread "http-bio-9999-exec-6" daemon [_thread_blocked, id=8816, stack(0x000000001d1c0000,0x000000001d2c0000)]
  0x0000000017ace800 JavaThread "http-bio-9999-exec-5" daemon [_thread_blocked, id=8848, stack(0x000000001d0c0000,0x000000001d1c0000)]
  0x0000000017ad5800 JavaThread "http-bio-9999-exec-4" daemon [_thread_in_native, id=8576, stack(0x000000000fa80000,0x000000000fb80000)]
  0x0000000017ace000 JavaThread "http-bio-9999-exec-3" daemon [_thread_blocked, id=8628, stack(0x000000000e910000,0x000000000ea10000)]
  0x0000000017ad2000 JavaThread "http-bio-9999-exec-2" daemon [_thread_blocked, id=8600, stack(0x0000000002c90000,0x0000000002d90000)]
=>0x0000000017ad0800 JavaThread "http-bio-9999-exec-1" daemon [_thread_in_vm, id=8676, stack(0x0000000000dd0000,0x0000000000ed0000)]
  0x0000000017acf800 JavaThread "elasticsearch[Aquarian][generic][T#2]" daemon [_thread_blocked, id=6104, stack(0x000000001cdc0000,0x000000001cec0000)]
  0x0000000017ad5000 JavaThread "http-bio-9999-AsyncTimeout" daemon [_thread_blocked, id=6044, stack(0x000000001ccc0000,0x000000001cdc0000)]
  0x0000000017acd000 JavaThread "http-bio-9999-Acceptor-0" daemon [_thread_in_native, id=6576, stack(0x000000001cbc0000,0x000000001ccc0000)]
  0x0000000017ad2800 JavaThread "ContainerBackgroundProcessor[StandardEngine[Tomcat]]" daemon [_thread_blocked, id=3588, stack(0x000000001be80000,0x000000001bf80000)]
  0x0000000017ad4000 JavaThread "Timer-1" daemon [_thread_blocked, id=4888, stack(0x000000001cac0000,0x000000001cbc0000)]
  0x0000000017ad1000 JavaThread "org.springframework.scheduling.quartz.SchedulerFactoryBean#0_QuartzSchedulerThread" [_thread_blocked, id=6292, stack(0x000000001c9c0000,0x000000001cac0000)]
  0x0000000017ad3800 JavaThread "org.springframework.scheduling.quartz.SchedulerFactoryBean#0_Worker-10" [_thread_blocked, id=6300, stack(0x000000001c8c0000,0x000000001c9c0000)]
  0x000000000f2ba000 JavaThread "org.springframework.scheduling.quartz.SchedulerFactoryBean#0_Worker-9" [_thread_blocked, id=2596, stack(0x000000001c7c0000,0x000000001c8c0000)]
  0x000000000f2b9000 JavaThread "org.springframework.scheduling.quartz.SchedulerFactoryBean#0_Worker-8" [_thread_blocked, id=6580, stack(0x000000001c6c0000,0x000000001c7c0000)]
  0x000000000f2b8800 JavaThread "org.springframework.scheduling.quartz.SchedulerFactoryBean#0_Worker-7" [_thread_blocked, id=6192, stack(0x000000001c5c0000,0x000000001c6c0000)]
  0x000000000f2b7800 JavaThread "org.springframework.scheduling.quartz.SchedulerFactoryBean#0_Worker-6" [_thread_blocked, id=5636, stack(0x000000001c4c0000,0x000000001c5c0000)]
  0x000000000f2b7000 JavaThread "org.springframework.scheduling.quartz.SchedulerFactoryBean#0_Worker-5" [_thread_blocked, id=1780, stack(0x000000001c3c0000,0x000000001c4c0000)]
  0x000000000f2b6000 JavaThread "org.springframework.scheduling.quartz.SchedulerFactoryBean#0_Worker-4" [_thread_blocked, id=4276, stack(0x000000001c2c0000,0x000000001c3c0000)]
  0x000000000f2ae800 JavaThread "org.springframework.scheduling.quartz.SchedulerFactoryBean#0_Worker-3" [_thread_blocked, id=6004, stack(0x000000001c1c0000,0x000000001c2c0000)]
  0x000000000f2b5800 JavaThread "org.springframework.scheduling.quartz.SchedulerFactoryBean#0_Worker-2" [_thread_blocked, id=4720, stack(0x000000001c0c0000,0x000000001c1c0000)]
  0x000000000f2ae000 JavaThread "org.springframework.scheduling.quartz.SchedulerFactoryBean#0_Worker-1" [_thread_blocked, id=4576, stack(0x000000001bfc0000,0x000000001c0c0000)]
  0x000000000f2b4800 JavaThread "elasticsearch[Aquarian][generic][T#1]" daemon [_thread_blocked, id=6276, stack(0x000000001bd80000,0x000000001be80000)]
  0x000000000f2ad000 JavaThread "elasticsearch[Aquarian][transport_client_timer][T#1]{Hashed wheel timer #1}" daemon [_thread_blocked, id=6848, stack(0x000000001bc80000,0x000000001bd80000)]
  0x000000000f2b4000 JavaThread "elasticsearch[Aquarian][management][T#1]" daemon [_thread_blocked, id=7080, stack(0x000000001bb80000,0x000000001bc80000)]
  0x000000000f2b3000 JavaThread "elasticsearch[Aquarian][transport_client_boss][T#1]{New I/O boss #9}" daemon [_thread_in_native, id=3776, stack(0x000000001ba80000,0x000000001bb80000)]
  0x000000000f2b2800 JavaThread "elasticsearch[Aquarian][transport_client_worker][T#8]{New I/O worker #8}" daemon [_thread_in_native, id=1816, stack(0x000000001b980000,0x000000001ba80000)]
  0x000000000f2ab000 JavaThread "elasticsearch[Aquarian][transport_client_worker][T#7]{New I/O worker #7}" daemon [_thread_in_native, id=6708, stack(0x000000001b880000,0x000000001b980000)]
  0x000000000f2ab800 JavaThread "elasticsearch[Aquarian][transport_client_worker][T#6]{New I/O worker #6}" daemon [_thread_in_native, id=6244, stack(0x000000001b780000,0x000000001b880000)]
  0x000000000f2b1800 JavaThread "elasticsearch[Aquarian][transport_client_worker][T#5]{New I/O worker #5}" daemon [_thread_in_native, id=6164, stack(0x000000001b680000,0x000000001b780000)]
  0x000000000f2b1000 JavaThread "elasticsearch[Aquarian][transport_client_worker][T#4]{New I/O worker #4}" daemon [_thread_in_native, id=6008, stack(0x000000001b580000,0x000000001b680000)]
  0x000000000f2b0000 JavaThread "elasticsearch[Aquarian][transport_client_worker][T#3]{New I/O worker #3}" daemon [_thread_in_native, id=6720, stack(0x000000001b480000,0x000000001b580000)]
  0x000000000f2ac800 JavaThread "elasticsearch[Aquarian][transport_client_worker][T#2]{New I/O worker #2}" daemon [_thread_in_native, id=6208, stack(0x000000001b380000,0x000000001b480000)]
  0x000000000f2af800 JavaThread "elasticsearch[Aquarian][transport_client_worker][T#1]{New I/O worker #1}" daemon [_thread_in_native, id=6316, stack(0x000000001b180000,0x000000001b280000)]
  0x000000000f060000 JavaThread "elasticsearch[Aquarian][scheduler][T#1]" daemon [_thread_blocked, id=3924, stack(0x000000001b080000,0x000000001b180000)]
  0x000000000f05d000 JavaThread "elasticsearch[Aquarian][[timer]]" daemon [_thread_blocked, id=1368, stack(0x000000001af80000,0x000000001b080000)]
  0x000000000f05f800 JavaThread "com.mchange.v2.async.ThreadPoolAsynchronousRunner$PoolThread-#2" daemon [_thread_blocked, id=7108, stack(0x000000001ad80000,0x000000001ae80000)]
  0x000000000f05e000 JavaThread "com.mchange.v2.async.ThreadPoolAsynchronousRunner$PoolThread-#1" daemon [_thread_blocked, id=6152, stack(0x0000000013dd0000,0x0000000013ed0000)]
  0x000000000f05c800 JavaThread "com.mchange.v2.async.ThreadPoolAsynchronousRunner$PoolThread-#0" daemon [_thread_blocked, id=6892, stack(0x0000000013cd0000,0x0000000013dd0000)]
  0x000000000f05e800 JavaThread "Timer-0" daemon [_thread_blocked, id=6808, stack(0x0000000012bf0000,0x0000000012cf0000)]
  0x000000000f059800 JavaThread "GC Daemon" daemon [_thread_blocked, id=6984, stack(0x0000000012af0000,0x0000000012bf0000)]
  0x000000000b123800 JavaThread "Service Thread" daemon [_thread_blocked, id=1936, stack(0x000000000cb40000,0x000000000cc40000)]
  0x000000000b11e000 JavaThread "C2 CompilerThread1" daemon [_thread_blocked, id=112, stack(0x000000000ca40000,0x000000000cb40000)]
  0x000000000b118800 JavaThread "C2 CompilerThread0" daemon [_thread_blocked, id=4852, stack(0x000000000c940000,0x000000000ca40000)]
  0x000000000b107000 JavaThread "JDWP Command Reader" daemon [_thread_in_native, id=3888, stack(0x000000000c840000,0x000000000c940000)]
  0x000000000b103800 JavaThread "JDWP Event Helper Thread" daemon [_thread_blocked, id=5884, stack(0x000000000c740000,0x000000000c840000)]
  0x000000000b0f5800 JavaThread "JDWP Transport Listener: dt_socket" daemon [_thread_blocked, id=5472, stack(0x000000000c640000,0x000000000c740000)]
  0x000000000b0ef000 JavaThread "Attach Listener" daemon [_thread_blocked, id=1360, stack(0x000000000c540000,0x000000000c640000)]
  0x000000000b0eb800 JavaThread "Signal Dispatcher" daemon [_thread_blocked, id=5596, stack(0x000000000c440000,0x000000000c540000)]
  0x000000000b09f000 JavaThread "Finalizer" daemon [_thread_blocked, id=7060, stack(0x000000000c340000,0x000000000c440000)]
  0x000000000b096000 JavaThread "Reference Handler" daemon [_thread_blocked, id=5156, stack(0x000000000c240000,0x000000000c340000)]
  0x0000000000fad800 JavaThread "main" [_thread_blocked, id=6832, stack(0x0000000002750000,0x0000000002850000)]

Other Threads:
  0x000000000b091000 VMThread [stack: 0x000000000c140000,0x000000000c240000] [id=7116]
  0x000000000b13b800 WatcherThread [stack: 0x000000000cc40000,0x000000000cd40000] [id=6796]

VM state:not at safepoint (normal execution)

VM Mutex/Monitor currently owned by a thread: None

Heap
 PSYoungGen      total 625664K, used 9604K [0x00000007d5d00000, 0x00000007ffb80000, 0x0000000800000000)
  eden space 564224K, 1% used [0x00000007d5d00000,0x00000007d66613b0,0x00000007f8400000)
  from space 61440K, 0% used [0x00000007f8400000,0x00000007f8400000,0x00000007fc000000)
  to   space 59904K, 0% used [0x00000007fc100000,0x00000007fc100000,0x00000007ffb80000)
 ParOldGen       total 569856K, used 46925K [0x0000000781800000, 0x00000007a4480000, 0x00000007d5d00000)
  object space 569856K, 8% used [0x0000000781800000,0x00000007845d3650,0x00000007a4480000)
 PSPermGen       total 83968K, used 83959K [0x000000077c600000, 0x0000000781800000, 0x0000000781800000)
  object space 83968K, 99% used [0x000000077c600000,0x00000007817fdc70,0x0000000781800000)

Card table byte_map: [0x0000000005e90000,0x00000000062b0000] byte_map_base: 0x00000000022ad000

Polling page: 0x0000000000f10000

Code Cache  [0x0000000002e90000, 0x0000000003480000, 0x0000000005e90000)
 total_blobs=1942 nmethods=1309 adapters=592 free_code_cache=43220Kb largest_free_block=44146368

Compilation events (10 events):
Event: 290.802 Thread 0x000000000b118800 nmethod 1608 0x0000000003465590 code [0x0000000003465c60, 0x00000000034694c0]
Event: 290.803 Thread 0x000000000b118800 1612             org.eclipse.jdt.core.compiler.CharOperation::indexOf (270 bytes)
Event: 290.803 Thread 0x000000000b11e000 nmethod 1611 0x000000000346da10 code [0x000000000346e000, 0x00000000034715a8]
Event: 290.807 Thread 0x000000000b118800 nmethod 1612 0x00000000033fa690 code [0x00000000033fa7e0, 0x00000000033faaf8]
Event: 290.925 Thread 0x000000000b11e000 1613             java.util.Properties::load0 (250 bytes)
Event: 290.942 Thread 0x000000000b11e000 nmethod 1613 0x00000000033d6350 code [0x00000000033d64e0, 0x00000000033d7080]
Event: 291.148 Thread 0x000000000b118800 1614             sun.java2d.loops.GraphicsPrimitive::getUniqueID (5 bytes)
Event: 291.149 Thread 0x000000000b118800 nmethod 1614 0x0000000003085fd0 code [0x0000000003086100, 0x0000000003086158]
Event: 291.658 Thread 0x000000000b11e000 1615 % !         java.lang.ref.Reference$ReferenceHandler::run @ 0 (108 bytes)
Event: 291.679 Thread 0x000000000b11e000 nmethod 1615% 0x0000000003475550 code [0x00000000034756e0, 0x0000000003475de8]

GC Heap History (10 events):
Event: 293.098 GC heap before
{Heap before GC invocations=27 (full 6):
 PSYoungGen      total 563200K, used 128K [0x00000007d5d00000, 0x00000007ffd80000, 0x0000000800000000)
  eden space 562688K, 0% used [0x00000007d5d00000,0x00000007d5d00000,0x00000007f8280000)
  from space 512K, 25% used [0x00000007f8280000,0x00000007f82a0000,0x00000007f8300000)
  to   space 62976K, 0% used [0x00000007fc000000,0x00000007fc000000,0x00000007ffd80000)
 ParOldGen       total 278528K, used 46911K [0x0000000781800000, 0x0000000792800000, 0x00000007d5d00000)
  object space 278528K, 16% used [0x0000000781800000,0x00000007845cfc10,0x0000000792800000)
 PSPermGen       total 83968K, used 83967K [0x000000077c600000, 0x0000000781800000, 0x0000000781800000)
  object space 83968K, 99% used [0x000000077c600000,0x00000007817fffc0,0x0000000781800000)
Event: 293.328 GC heap after
Heap after GC invocations=27 (full 6):
 PSYoungGen      total 563200K, used 0K [0x00000007d5d00000, 0x00000007ffd80000, 0x0000000800000000)
  eden space 562688K, 0% used [0x00000007d5d00000,0x00000007d5d00000,0x00000007f8280000)
  from space 512K, 0% used [0x00000007f8280000,0x00000007f8280000,0x00000007f8300000)
  to   space 62976K, 0% used [0x00000007fc000000,0x00000007fc000000,0x00000007ffd80000)
 ParOldGen       total 364032K, used 46925K [0x0000000781800000, 0x0000000797b80000, 0x00000007d5d00000)
  object space 364032K, 12% used [0x0000000781800000,0x00000007845d36c8,0x0000000797b80000)
 PSPermGen       total 83968K, used 83967K [0x000000077c600000, 0x0000000781800000, 0x0000000781800000)
  object space 83968K, 99% used [0x000000077c600000,0x00000007817fffc0,0x0000000781800000)
}
Event: 293.328 GC heap before
{Heap before GC invocations=28 (full 6):
 PSYoungGen      total 563200K, used 0K [0x00000007d5d00000, 0x00000007ffd80000, 0x0000000800000000)
  eden space 562688K, 0% used [0x00000007d5d00000,0x00000007d5d00000,0x00000007f8280000)
  from space 512K, 0% used [0x00000007f8280000,0x00000007f8280000,0x00000007f8300000)
  to   space 62976K, 0% used [0x00000007fc000000,0x00000007fc000000,0x00000007ffd80000)
 ParOldGen       total 364032K, used 46925K [0x0000000781800000, 0x0000000797b80000, 0x00000007d5d00000)
  object space 364032K, 12% used [0x0000000781800000,0x00000007845d36c8,0x0000000797b80000)
 PSPermGen       total 83968K, used 83967K [0x000000077c600000, 0x0000000781800000, 0x0000000781800000)
  object space 83968K, 99% used [0x000000077c600000,0x00000007817fffc0,0x0000000781800000)
Event: 293.333 GC heap after
Heap after GC invocations=28 (full 6):
 PSYoungGen      total 627200K, used 0K [0x00000007d5d00000, 0x00000007fff80000, 0x0000000800000000)
  eden space 564224K, 0% used [0x00000007d5d00000,0x00000007d5d00000,0x00000007f8400000)
  from space 62976K, 0% used [0x00000007fc000000,0x00000007fc000000,0x00000007ffd80000)
  to   space 61440K, 0% used [0x00000007f8400000,0x00000007f8400000,0x00000007fc000000)
 ParOldGen       total 364032K, used 46925K [0x0000000781800000, 0x0000000797b80000, 0x00000007d5d00000)
  object space 364032K, 12% used [0x0000000781800000,0x00000007845d36c8,0x0000000797b80000)
 PSPermGen       total 83968K, used 83967K [0x000000077c600000, 0x0000000781800000, 0x0000000781800000)
  object space 83968K, 99% used [0x000000077c600000,0x00000007817fffc0,0x0000000781800000)
}
Event: 293.333 GC heap before
{Heap before GC invocations=29 (full 7):
 PSYoungGen      total 627200K, used 0K [0x00000007d5d00000, 0x00000007fff80000, 0x0000000800000000)
  eden space 564224K, 0% used [0x00000007d5d00000,0x00000007d5d00000,0x00000007f8400000)
  from space 62976K, 0% used [0x00000007fc000000,0x00000007fc000000,0x00000007ffd80000)
  to   space 61440K, 0% used [0x00000007f8400000,0x00000007f8400000,0x00000007fc000000)
 ParOldGen       total 364032K, used 46925K [0x0000000781800000, 0x0000000797b80000, 0x00000007d5d00000)
  object space 364032K, 12% used [0x0000000781800000,0x00000007845d36c8,0x0000000797b80000)
 PSPermGen       total 83968K, used 83967K [0x000000077c600000, 0x0000000781800000, 0x0000000781800000)
  object space 83968K, 99% used [0x000000077c600000,0x00000007817fffc0,0x0000000781800000)
Event: 293.524 GC heap after
Heap after GC invocations=29 (full 7):
 PSYoungGen      total 627200K, used 0K [0x00000007d5d00000, 0x00000007fff80000, 0x0000000800000000)
  eden space 564224K, 0% used [0x00000007d5d00000,0x00000007d5d00000,0x00000007f8400000)
  from space 62976K, 0% used [0x00000007fc000000,0x00000007fc000000,0x00000007ffd80000)
  to   space 61440K, 0% used [0x00000007f8400000,0x00000007f8400000,0x00000007fc000000)
 ParOldGen       total 454144K, used 46925K [0x0000000781800000, 0x000000079d380000, 0x00000007d5d00000)
  object space 454144K, 10% used [0x0000000781800000,0x00000007845d3650,0x000000079d380000)
 PSPermGen       total 83968K, used 83967K [0x000000077c600000, 0x0000000781800000, 0x0000000781800000)
  object space 83968K, 99% used [0x000000077c600000,0x00000007817fffc0,0x0000000781800000)
}
Event: 293.525 GC heap before
{Heap before GC invocations=30 (full 7):
 PSYoungGen      total 627200K, used 7683K [0x00000007d5d00000, 0x00000007fff80000, 0x0000000800000000)
  eden space 564224K, 1% used [0x00000007d5d00000,0x00000007d6480fc0,0x00000007f8400000)
  from space 62976K, 0% used [0x00000007fc000000,0x00000007fc000000,0x00000007ffd80000)
  to   space 61440K, 0% used [0x00000007f8400000,0x00000007f8400000,0x00000007fc000000)
 ParOldGen       total 454144K, used 46925K [0x0000000781800000, 0x000000079d380000, 0x00000007d5d00000)
  object space 454144K, 10% used [0x0000000781800000,0x00000007845d3650,0x000000079d380000)
 PSPermGen       total 83968K, used 83967K [0x000000077c600000, 0x0000000781800000, 0x0000000781800000)
  object space 83968K, 99% used [0x000000077c600000,0x00000007817fffc0,0x0000000781800000)
Event: 293.530 GC heap after
Heap after GC invocations=30 (full 7):
 PSYoungGen      total 625664K, used 0K [0x00000007d5d00000, 0x00000007ffb80000, 0x0000000800000000)
  eden space 564224K, 0% used [0x00000007d5d00000,0x00000007d5d00000,0x00000007f8400000)
  from space 61440K, 0% used [0x00000007f8400000,0x00000007f8400000,0x00000007fc000000)
  to   space 59904K, 0% used [0x00000007fc100000,0x00000007fc100000,0x00000007ffb80000)
 ParOldGen       total 454144K, used 46925K [0x0000000781800000, 0x000000079d380000, 0x00000007d5d00000)
  object space 454144K, 10% used [0x0000000781800000,0x00000007845d3650,0x000000079d380000)
 PSPermGen       total 83968K, used 83967K [0x000000077c600000, 0x0000000781800000, 0x0000000781800000)
  object space 83968K, 99% used [0x000000077c600000,0x00000007817fffc0,0x0000000781800000)
}
Event: 293.530 GC heap before
{Heap before GC invocations=31 (full 8):
 PSYoungGen      total 625664K, used 0K [0x00000007d5d00000, 0x00000007ffb80000, 0x0000000800000000)
  eden space 564224K, 0% used [0x00000007d5d00000,0x00000007d5d00000,0x00000007f8400000)
  from space 61440K, 0% used [0x00000007f8400000,0x00000007f8400000,0x00000007fc000000)
  to   space 59904K, 0% used [0x00000007fc100000,0x00000007fc100000,0x00000007ffb80000)
 ParOldGen       total 454144K, used 46925K [0x0000000781800000, 0x000000079d380000, 0x00000007d5d00000)
  object space 454144K, 10% used [0x0000000781800000,0x00000007845d3650,0x000000079d380000)
 PSPermGen       total 83968K, used 83967K [0x000000077c600000, 0x0000000781800000, 0x0000000781800000)
  object space 83968K, 99% used [0x000000077c600000,0x00000007817fffc0,0x0000000781800000)
Event: 293.740 GC heap after
Heap after GC invocations=31 (full 8):
 PSYoungGen      total 625664K, used 0K [0x00000007d5d00000, 0x00000007ffb80000, 0x0000000800000000)
  eden space 564224K, 0% used [0x00000007d5d00000,0x00000007d5d00000,0x00000007f8400000)
  from space 61440K, 0% used [0x00000007f8400000,0x00000007f8400000,0x00000007fc000000)
  to   space 59904K, 0% used [0x00000007fc100000,0x00000007fc100000,0x00000007ffb80000)
 ParOldGen       total 569856K, used 46925K [0x0000000781800000, 0x00000007a4480000, 0x00000007d5d00000)
  object space 569856K, 8% used [0x0000000781800000,0x00000007845d3650,0x00000007a4480000)
 PSPermGen       total 83968K, used 83958K [0x000000077c600000, 0x0000000781800000, 0x0000000781800000)
  object space 83968K, 99% used [0x000000077c600000,0x00000007817fdb88,0x0000000781800000)
}

Deoptimization events (10 events):
Event: 289.681 Thread 0x0000000017ad0800 Uncommon trap: reason=bimorphic action=maybe_recompile pc=0x00000000030363c4 method=java.net.URL.openConnection()Ljava/net/URLConnection; @ 5
Event: 289.747 Thread 0x0000000017ad0800 Uncommon trap: reason=unstable_if action=reinterpret pc=0x00000000030c2bd4 method=com.sun.org.apache.xerces.internal.impl.XMLEntityScanner.scanContent(Lcom/sun/org/apache/xerces/internal/xni/XMLString;)I @ 385
Event: 289.765 Thread 0x0000000017ad0800 Uncommon trap: reason=unstable_if action=reinterpret pc=0x00000000032eb6dc method=com.sun.org.apache.xerces.internal.dom.NodeImpl.needsSyncChildren()Z @ 6
Event: 289.962 Thread 0x0000000017ad0800 Uncommon trap: reason=bimorphic action=maybe_recompile pc=0x00000000030363c4 method=java.net.URL.openConnection()Ljava/net/URLConnection; @ 5
Event: 290.301 Thread 0x0000000017ad0800 Uncommon trap: reason=uninitialized action=reinterpret pc=0x0000000003280a1c method=org.eclipse.jdt.internal.compiler.parser.Parser.readTable(Ljava/lang/String;)[C @ 0
Event: 290.351 Thread 0x0000000017ad0800 Uncommon trap: reason=predicate action=maybe_recompile pc=0x000000000338bb28 method=java.util.Properties.load0(Ljava/util/Properties$LineReader;)V @ 15
Event: 290.432 Thread 0x0000000017ad0800 Uncommon trap: reason=null_check action=make_not_entrant pc=0x0000000002fb1cb0 method=sun.misc.URLClassPath$JarLoader.getResource(Ljava/lang/String;ZLjava/util/Set;)Lsun/misc/Resource; @ 90
Event: 291.073 Thread 0x0000000017ad0800 Uncommon trap: reason=unstable_if action=reinterpret pc=0x000000000305ff5c method=java.io.Win32FileSystem.prefixLength(Ljava/lang/String;)I @ 42
Event: 291.657 Thread 0x000000000b096000 Uncommon trap: reason=unstable_if action=reinterpret pc=0x0000000003059f74 method=java.lang.ref.Reference$ReferenceHandler.run()V @ 74
Event: 293.059 Thread 0x0000000017ad0800 Uncommon trap: reason=unstable_if action=reinterpret pc=0x00000000030fd334 method=java.lang.ref.SoftReference.get()Ljava/lang/Object; @ 6

Internal exceptions (10 events):
Event: 290.855 Thread 0x0000000017ad0800 Threw 0x00000007f5fe9c88 at C:\re\jdk7u80\2329\hotspot\src\share\vm\prims\jvm.cpp:1319
Event: 290.855 Thread 0x0000000017ad0800 Threw 0x00000007f5fea3e8 at C:\re\jdk7u80\2329\hotspot\src\share\vm\prims\jvm.cpp:1319
Event: 290.856 Thread 0x0000000017ad0800 Threw 0x00000007f5ff4a50 at C:\re\jdk7u80\2329\hotspot\src\share\vm\prims\jvm.cpp:1319
Event: 290.920 Thread 0x0000000017ad0800 Threw 0x00000007f5ffb1b0 at C:\re\jdk7u80\2329\hotspot\src\share\vm\prims\jvm.cpp:1319
Event: 290.920 Thread 0x0000000017ad0800 Threw 0x00000007f5ffba10 at C:\re\jdk7u80\2329\hotspot\src\share\vm\prims\jvm.cpp:1319
Event: 290.920 Thread 0x0000000017ad0800 Threw 0x00000007f5ffc8a8 at C:\re\jdk7u80\2329\hotspot\src\share\vm\prims\jvm.cpp:1319
Event: 290.920 Thread 0x0000000017ad0800 Threw 0x00000007f5ffd030 at C:\re\jdk7u80\2329\hotspot\src\share\vm\prims\jvm.cpp:1319
Event: 290.921 Thread 0x0000000017ad0800 Threw 0x00000007f5ffdde8 at C:\re\jdk7u80\2329\hotspot\src\share\vm\prims\jni.cpp:717
Event: 291.074 Thread 0x0000000017ad0800 Threw 0x00000007f601cac0 at C:\re\jdk7u80\2329\hotspot\src\share\vm\prims\jni.cpp:717
Event: 293.524 Thread 0x0000000017ad0800 Threw 0x000000077c6ad638 at C:\re\jdk7u80\2329\hotspot\src\share\vm\gc_interface/collectedHeap.inline.hpp:225

Events (10 events):
Event: 293.087 loading class 0x000000000f6e8db0
Event: 293.088 loading class 0x000000000f6e8db0 done
Event: 293.089 loading class 0x000000000e340360
Event: 293.089 loading class 0x000000000e340360 done
Event: 293.089 loading class 0x00000000139558f0
Event: 293.092 Executing VM operation: ParallelGCFailedPermanentAllocation
Event: 293.524 Executing VM operation: ParallelGCFailedPermanentAllocation done
Event: 293.524 Executing VM operation: ParallelGCFailedPermanentAllocation
Event: 293.524 loading class 0x00000000139558f0 done
Event: 293.740 Executing VM operation: ParallelGCFailedPermanentAllocation done


Dynamic libraries:
0x00007ff68d370000 - 0x00007ff68d3a3000 	C:\Java\jdk1.7.0_80\bin\java.exe
0x00007ff958d20000 - 0x00007ff958ee2000 	C:\Windows\SYSTEM32\ntdll.dll
0x00007ff956d80000 - 0x00007ff956e2d000 	C:\Windows\system32\KERNEL32.DLL
0x00007ff955fd0000 - 0x00007ff9561ad000 	C:\Windows\system32\KERNELBASE.dll
0x00007ff958790000 - 0x00007ff958836000 	C:\Windows\system32\ADVAPI32.dll
0x00007ff957180000 - 0x00007ff95721d000 	C:\Windows\system32\msvcrt.dll
0x00007ff9589d0000 - 0x00007ff958a2b000 	C:\Windows\system32\sechost.dll
0x00007ff958a30000 - 0x00007ff958b56000 	C:\Windows\system32\RPCRT4.dll
0x00007ff9566a0000 - 0x00007ff9567ee000 	C:\Windows\system32\USER32.dll
0x00007ff958840000 - 0x00007ff9589c3000 	C:\Windows\system32\GDI32.dll
0x00007ff9484d0000 - 0x00007ff948744000 	C:\Windows\WinSxS\amd64_microsoft.windows.common-controls_6595b64144ccf1df_6.0.10240.17184_none_f41d7a705752bce6\COMCTL32.dll
0x00007ff957220000 - 0x00007ff957256000 	C:\Windows\system32\IMM32.DLL
0x00007ff956a90000 - 0x00007ff956bec000 	C:\Windows\system32\MSCTF.dll
0x0000000074250000 - 0x0000000074322000 	C:\Java\jdk1.7.0_80\jre\bin\msvcr100.dll
0x0000000073a70000 - 0x0000000074249000 	C:\Java\jdk1.7.0_80\jre\bin\server\jvm.dll
0x00007ff9563f0000 - 0x00007ff9563f8000 	C:\Windows\system32\PSAPI.DLL
0x00007ff94b210000 - 0x00007ff94b219000 	C:\Windows\SYSTEM32\WSOCK32.dll
0x00007ff956d10000 - 0x00007ff956d79000 	C:\Windows\system32\WS2_32.dll
0x00007ff958b60000 - 0x00007ff958b68000 	C:\Windows\system32\NSI.dll
0x00007ff953760000 - 0x00007ff953783000 	C:\Windows\SYSTEM32\WINMM.dll
0x00007ff953700000 - 0x00007ff95372c000 	C:\Windows\SYSTEM32\WINMMBASE.dll
0x00007ff9557e0000 - 0x00007ff955824000 	C:\Windows\system32\cfgmgr32.dll
0x00007ff9553e0000 - 0x00007ff955407000 	C:\Windows\SYSTEM32\DEVOBJ.dll
0x0000000073a60000 - 0x0000000073a6f000 	C:\Java\jdk1.7.0_80\jre\bin\verify.dll
0x0000000073a30000 - 0x0000000073a58000 	C:\Java\jdk1.7.0_80\jre\bin\java.dll
0x00000000739f0000 - 0x0000000073a25000 	C:\Java\jdk1.7.0_80\jre\bin\jdwp.dll
0x00000000739e0000 - 0x00000000739e8000 	C:\Java\jdk1.7.0_80\jre\bin\npt.dll
0x00000000739c0000 - 0x00000000739d6000 	C:\Java\jdk1.7.0_80\jre\bin\zip.dll
0x00000000739b0000 - 0x00000000739b9000 	C:\Java\jdk1.7.0_80\jre\bin\dt_socket.dll
0x00007ff954c40000 - 0x00007ff954c9d000 	C:\Windows\system32\mswsock.dll
0x0000000073990000 - 0x00000000739aa000 	C:\Java\jdk1.7.0_80\jre\bin\net.dll
0x0000000073970000 - 0x0000000073981000 	C:\Java\jdk1.7.0_80\jre\bin\nio.dll
0x00007ff954ca0000 - 0x00007ff954cb7000 	C:\Windows\SYSTEM32\CRYPTSP.dll
0x00007ff955670000 - 0x00007ff955698000 	C:\Windows\SYSTEM32\bcrypt.dll
0x00007ff9548f0000 - 0x00007ff954923000 	C:\Windows\system32\rsaenh.dll
0x00007ff9549e0000 - 0x00007ff9549ff000 	C:\Windows\SYSTEM32\USERENV.dll
0x00007ff955790000 - 0x00007ff9557a3000 	C:\Windows\system32\profapi.dll
0x00007ff955560000 - 0x00007ff9555cb000 	C:\Windows\system32\bcryptprimitives.dll
0x00007ff954df0000 - 0x00007ff954dfb000 	C:\Windows\SYSTEM32\CRYPTBASE.dll
0x00007ff94f9b0000 - 0x00007ff94f9e8000 	C:\Windows\SYSTEM32\IPHLPAPI.DLL
0x00007ff94f9a0000 - 0x00007ff94f9ab000 	C:\Windows\SYSTEM32\WINNSI.DLL
0x00007ff94f400000 - 0x00007ff94f416000 	C:\Windows\SYSTEM32\dhcpcsvc6.DLL
0x00007ff94f4e0000 - 0x00007ff94f4fa000 	C:\Windows\SYSTEM32\dhcpcsvc.DLL
0x0000000073960000 - 0x000000007396b000 	C:\Java\jdk1.7.0_80\jre\bin\management.dll
0x0000000073930000 - 0x0000000073954000 	C:\Java\jdk1.7.0_80\jre\bin\sunec.dll
0x0000000073920000 - 0x000000007392b000 	C:\Java\jdk1.7.0_80\jre\bin\sunmscapi.dll
0x00007ff9561b0000 - 0x00007ff956371000 	C:\Windows\system32\CRYPT32.dll
0x00007ff9557b0000 - 0x00007ff9557c1000 	C:\Windows\system32\MSASN1.dll
0x00007ff94a4f0000 - 0x00007ff94a505000 	C:\Windows\system32\napinsp.dll
0x00007ff94a4c0000 - 0x00007ff94a4da000 	C:\Windows\system32\pnrpnsp.dll
0x00007ff950de0000 - 0x00007ff950df8000 	C:\Windows\system32\NLAapi.dll
0x00007ff954a00000 - 0x00007ff954aa8000 	C:\Windows\SYSTEM32\DNSAPI.dll
0x00007ff94a4b0000 - 0x00007ff94a4bd000 	C:\Windows\System32\winrnr.dll
0x00007ff94a490000 - 0x00007ff94a4a5000 	C:\Windows\system32\wshbth.dll
0x00007ff94af30000 - 0x00007ff94af3a000 	C:\Windows\System32\rasadhlp.dll
0x00007ff94f7e0000 - 0x00007ff94f848000 	C:\Windows\System32\fwpuclnt.dll
0x0000000073780000 - 0x0000000073915000 	C:\Java\jdk1.7.0_80\jre\bin\awt.dll
0x00007ff9567f0000 - 0x00007ff9568b2000 	C:\Windows\system32\OLEAUT32.dll
0x00007ff956420000 - 0x00007ff95669c000 	C:\Windows\system32\combase.dll
0x00007ff953830000 - 0x00007ff9538a8000 	C:\Windows\system32\apphelp.dll
0x00007ff952f00000 - 0x00007ff952f22000 	C:\Windows\system32\DWMAPI.DLL
0x00007ff9539b0000 - 0x00007ff953a46000 	C:\Windows\system32\uxtheme.dll
0x0000000073730000 - 0x0000000073777000 	C:\Java\jdk1.7.0_80\jre\bin\fontmanager.dll
0x00007ff94a100000 - 0x00007ff94a28a000 	C:\Windows\SYSTEM32\dbghelp.dll

VM Arguments:
jvm_args: -agentlib:jdwp=transport=dt_socket,address=127.0.0.1:49530,suspend=y,server=n -Dmaven.multiModuleProjectDirectory=C:\Users\Smile_Mylife\Desktop\BOS2.0\bos_management -Dmaven.home=C:\apache-maven-3.3.9 -Dclassworlds.conf=C:\apache-maven-3.3.9\bin\m2.conf -Dfile.encoding=UTF-8 
java_command: org.codehaus.classworlds.Launcher -Didea.version=2017.1.3 -s C:\apache-maven-3.3.9\conf\settings.xml -Dmaven.repo.local=C:\repository tomcat7:run
Launcher Type: SUN_STANDARD

Environment Variables:
JAVA_HOME=C:\Java\jdk1.7.0_80
PATH=C:\apache-maven-3.3.9\bin;C:\app\Smile_Mylife\product\11.2.0\dbhome_1\bin;C:\Java\jdk1.7.0_80\bin;C:\Program Files (x86)\Intel\iCLS Client\;C:\Program Files\Intel\iCLS Client\;C:\Windows\system32;C:\Windows;C:\Windows\System32\Wbem;C:\Windows\System32\WindowsPowerShell\v1.0\;C:\MySQL\MySQL Server 5.5\bin;C:\Git\cmd;C:\Program Files\TortoiseGit\bin;C:\Users\Smile_Mylife\AppData\Local\GitHubDesktop\bin
USERNAME=Smile_Mylife
OS=Windows_NT
PROCESSOR_IDENTIFIER=Intel64 Family 6 Model 61 Stepping 4, GenuineIntel



---------------  S Y S T E M  ---------------

OS: Windows 8.1 , 64 bit Build 9600 

CPU:total 4 (2 cores per cpu, 2 threads per core) family 6 model 61 stepping 4, cmov, cx8, fxsr, mmx, sse, sse2, sse3, ssse3, sse4.1, sse4.2, popcnt, avx, avx2, aes, erms, ht, tsc, tscinvbit

Memory: 4k page, physical 8288684k(3845840k free), swap 11041196k(4208264k free)

vm_info: Java HotSpot(TM) 64-Bit Server VM (24.80-b11) for windows-amd64 JRE (1.7.0_80-b15), built on Apr 10 2015 11:26:34 by "java_re" with unknown MS VC++:1600

time: Mon Aug 14 17:13:38 2017
elapsed time: 293 seconds

